0 info it worked if it ends with ok
1 verbose cli [ 'C:\\Program Files\\nodejs\\\\node.exe',
1 verbose cli   'C:\\Program Files\\nodejs\\node_modules\\npm\\bin\\npm-cli.js',
1 verbose cli   'install',
1 verbose cli   'less',
1 verbose cli   'socket.io',
1 verbose cli   '--safe-dev' ]
2 info using npm@1.3.24
3 info using node@v0.10.25
4 verbose node symlink C:\Program Files\nodejs\\node.exe
5 error Error: Invalid version: "2.0"
5 error     at Object.module.exports.fixVersionField (C:\Program Files\nodejs\node_modules\npm\node_modules\read-package-json\node_modules\normalize-package-data\lib\fixer.js:180:13)
5 error     at C:\Program Files\nodejs\node_modules\npm\node_modules\read-package-json\node_modules\normalize-package-data\lib\normalize.js:29:38
5 error     at Array.forEach (native)
5 error     at normalize (C:\Program Files\nodejs\node_modules\npm\node_modules\read-package-json\node_modules\normalize-package-data\lib\normalize.js:28:15)
5 error     at final (C:\Program Files\nodejs\node_modules\npm\node_modules\read-package-json\read-json.js:328:33)
5 error     at then (C:\Program Files\nodejs\node_modules\npm\node_modules\read-package-json\read-json.js:126:33)
5 error     at C:\Program Files\nodejs\node_modules\npm\node_modules\read-package-json\read-json.js:302:48
5 error     at fs.js:207:20
5 error     at OpenReq.Req.done (C:\Program Files\nodejs\node_modules\npm\node_modules\graceful-fs\graceful-fs.js:142:5)
5 error     at OpenReq.done (C:\Program Files\nodejs\node_modules\npm\node_modules\graceful-fs\graceful-fs.js:64:22)
6 error If you need help, you may report this *entire* log,
6 error including the npm and node versions, at:
6 error     <http://github.com/isaacs/npm/issues>
7 error System Windows_NT 6.1.7601
8 error command "C:\\Program Files\\nodejs\\\\node.exe" "C:\\Program Files\\nodejs\\node_modules\\npm\\bin\\npm-cli.js" "install" "less" "socket.io" "--safe-dev"
9 error cwd C:\xampp\htdocs\Dropbox\dev\SimpleLESS\nwData
10 error node -v v0.10.25
11 error npm -v 1.3.24
12 verbose exit [ 1, true ]
